# JRE version: OpenJDK Runtime Environment Temurin-17.0.2+8 (17.0.2+8) (build 17.0.2+8)
# Java VM: OpenJDK 64-Bit Server VM Temurin-17.0.2+8 (17.0.2+8, mixed mode, tiered, compressed oops, compressed class ptrs, parallel gc, linux-amd64)
GC Precious Log:
 CPUs: 12 total, 12 available
 Memory: 15846M
 Large Page Support: Disabled
 NUMA Support: Disabled
 Compressed Oops: Enabled (32-bit)
 Alignments: Space 512K, Generation 512K, Heap 2M
 Heap Min Capacity: 100M
 Heap Initial Capacity: 100M
 Heap Max Capacity: 1G
 Pre-touch: Disabled
 Parallel Workers: 10
Heap:
 PSYoungGen      total 5120K, used 5088K [0x00000000eab00000, 0x00000000eb480000, 0x0000000100000000)
  eden space 4096K, 100% used [0x00000000eab00000,0x00000000eaf00000,0x00000000eaf00000)
  from space 1024K, 96% used [0x00000000eb180000,0x00000000eb278000,0x00000000eb280000)
  to   space 1536K, 52% used [0x00000000eb300000,0x00000000eb3c8000,0x00000000eb480000)
 ParOldGen       total 217600K, used 205812K [0x00000000c0000000, 0x00000000cd480000, 0x00000000eab00000)
  object space 217600K, 94% used [0x00000000c0000000,0x00000000cc8fd3c8,0x00000000cd480000)
 Metaspace       used 93086K, committed 94208K, reserved 1138688K
  class space    used 9779K, committed 10304K, reserved 1048576K
GC Heap History (20 events):
Event: 933.576 GC heap after
{Heap after GC invocations=1185 (full 37):
 PSYoungGen      total 10240K, used 224K [0x00000000eab00000, 0x00000000eba00000, 0x0000000100000000)
  eden space 9728K, 0% used [0x00000000eab00000,0x00000000eab00000,0x00000000eb480000)
  from space 512K, 43% used [0x00000000eb980000,0x00000000eb9b8000,0x00000000eba00000)
  to   space 1536K, 0% used [0x00000000eb700000,0x00000000eb700000,0x00000000eb880000)
 ParOldGen       total 217600K, used 193548K [0x00000000c0000000, 0x00000000cd480000, 0x00000000eab00000)
  object space 217600K, 88% used [0x00000000c0000000,0x00000000cbd03040,0x00000000cd480000)
 Metaspace       used 93069K, committed 94208K, reserved 1138688K
  class space    used 9779K, committed 10304K, reserved 1048576K
}
Event: 933.910 GC heap before
{Heap before GC invocations=1186 (full 37):
 PSYoungGen      total 10240K, used 9952K [0x00000000eab00000, 0x00000000eba00000, 0x0000000100000000)
  eden space 9728K, 100% used [0x00000000eab00000,0x00000000eb480000,0x00000000eb480000)
  from space 512K, 43% used [0x00000000eb980000,0x00000000eb9b8000,0x00000000eba00000)
  to   space 1536K, 0% used [0x00000000eb700000,0x00000000eb700000,0x00000000eb880000)
 ParOldGen       total 217600K, used 193548K [0x00000000c0000000, 0x00000000cd480000, 0x00000000eab00000)
  object space 217600K, 88% used [0x00000000c0000000,0x00000000cbd03040,0x00000000cd480000)
 Metaspace       used 93070K, committed 94208K, reserved 1138688K
  class space    used 9779K, committed 10304K, reserved 1048576K
}
Event: 933.913 GC heap after
{Heap after GC invocations=1186 (full 37):
 PSYoungGen      total 11264K, used 1534K [0x00000000eab00000, 0x00000000eba00000, 0x0000000100000000)
  eden space 9728K, 0% used [0x00000000eab00000,0x00000000eab00000,0x00000000eb480000)
  from space 1536K, 99% used [0x00000000eb700000,0x00000000eb87f960,0x00000000eb880000)
  to   space 1536K, 0% used [0x00000000eb880000,0x00000000eb880000,0x00000000eba00000)
 ParOldGen       total 217600K, used 193996K [0x00000000c0000000, 0x00000000cd480000, 0x00000000eab00000)
  object space 217600K, 89% used [0x00000000c0000000,0x00000000cbd73040,0x00000000cd480000)
 Metaspace       used 93070K, committed 94208K, reserved 1138688K
  class space    used 9779K, committed 10304K, reserved 1048576K
}
Event: 933.946 GC heap before
{Heap before GC invocations=1187 (full 37):
 PSYoungGen      total 11264K, used 11262K [0x00000000eab00000, 0x00000000eba00000, 0x0000000100000000)
  eden space 9728K, 100% used [0x00000000eab00000,0x00000000eb480000,0x00000000eb480000)
  from space 1536K, 99% used [0x00000000eb700000,0x00000000eb87f960,0x00000000eb880000)
  to   space 1536K, 0% used [0x00000000eb880000,0x00000000eb880000,0x00000000eba00000)
 ParOldGen       total 217600K, used 193996K [0x00000000c0000000, 0x00000000cd480000, 0x00000000eab00000)
  object space 217600K, 89% used [0x00000000c0000000,0x00000000cbd73040,0x00000000cd480000)
 Metaspace       used 93070K, committed 94208K, reserved 1138688K
  class space    used 9779K, committed 10304K, reserved 1048576K
}
Event: 933.947 GC heap after
{Heap after GC invocations=1187 (full 37):
 PSYoungGen      total 11264K, used 1508K [0x00000000eab00000, 0x00000000ebb80000, 0x0000000100000000)
  eden space 9728K, 0% used [0x00000000eab00000,0x00000000eab00000,0x00000000eb480000)
  from space 1536K, 98% used [0x00000000eb880000,0x00000000eb9f9060,0x00000000eba00000)
  to   space 3584K, 0% used [0x00000000eb480000,0x00000000eb480000,0x00000000eb800000)
 ParOldGen       total 217600K, used 195381K [0x00000000c0000000, 0x00000000cd480000, 0x00000000eab00000)
  object space 217600K, 89% used [0x00000000c0000000,0x00000000cbecd460,0x00000000cd480000)
 Metaspace       used 93070K, committed 94208K, reserved 1138688K
  class space    used 9779K, committed 10304K, reserved 1048576K
}
Event: 934.461 GC heap before
{Heap before GC invocations=1188 (full 37):
 PSYoungGen      total 11264K, used 11236K [0x00000000eab00000, 0x00000000ebb80000, 0x0000000100000000)
  eden space 9728K, 100% used [0x00000000eab00000,0x00000000eb480000,0x00000000eb480000)
  from space 1536K, 98% used [0x00000000eb880000,0x00000000eb9f9060,0x00000000eba00000)
  to   space 3584K, 0% used [0x00000000eb480000,0x00000000eb480000,0x00000000eb800000)
 ParOldGen       total 217600K, used 195381K [0x00000000c0000000, 0x00000000cd480000, 0x00000000eab00000)
  object space 217600K, 89% used [0x00000000c0000000,0x00000000cbecd460,0x00000000cd480000)
 Metaspace       used 93070K, committed 94208K, reserved 1138688K
  class space    used 9779K, committed 10304K, reserved 1048576K
}
Event: 934.462 GC heap after
{Heap after GC invocations=1188 (full 37):
 PSYoungGen      total 10240K, used 224K [0x00000000eab00000, 0x00000000eb900000, 0x0000000100000000)
  eden space 9728K, 0% used [0x00000000eab00000,0x00000000eab00000,0x00000000eb480000)
  from space 512K, 43% used [0x00000000eb480000,0x00000000eb4b8000,0x00000000eb500000)
  to   space 1536K, 0% used [0x00000000eb780000,0x00000000eb780000,0x00000000eb900000)
 ParOldGen       total 217600K, used 196129K [0x00000000c0000000, 0x00000000cd480000, 0x00000000eab00000)
  object space 217600K, 90% used [0x00000000c0000000,0x00000000cbf88660,0x00000000cd480000)
 Metaspace       used 93070K, committed 94208K, reserved 1138688K
  class space    used 9779K, committed 10304K, reserved 1048576K
}
Event: 934.976 GC heap before
{Heap before GC invocations=1189 (full 37):
 PSYoungGen      total 10240K, used 9952K [0x00000000eab00000, 0x00000000eb900000, 0x0000000100000000)
  eden space 9728K, 100% used [0x00000000eab00000,0x00000000eb480000,0x00000000eb480000)
  from space 512K, 43% used [0x00000000eb480000,0x00000000eb4b8000,0x00000000eb500000)
  to   space 1536K, 0% used [0x00000000eb780000,0x00000000eb780000,0x00000000eb900000)
 ParOldGen       total 217600K, used 196129K [0x00000000c0000000, 0x00000000cd480000, 0x00000000eab00000)
  object space 217600K, 90% used [0x00000000c0000000,0x00000000cbf88660,0x00000000cd480000)
 Metaspace       used 93081K, committed 94208K, reserved 1138688K
  class space    used 9779K, committed 10304K, reserved 1048576K
}
Event: 934.979 GC heap after
{Heap after GC invocations=1189 (full 37):
 PSYoungGen      total 11264K, used 1523K [0x00000000eab00000, 0x00000000eb980000, 0x0000000100000000)
  eden space 9728K, 0% used [0x00000000eab00000,0x00000000eab00000,0x00000000eb480000)
  from space 1536K, 99% used [0x00000000eb780000,0x00000000eb8fcd10,0x00000000eb900000)
  to   space 2560K, 0% used [0x00000000eb480000,0x00000000eb480000,0x00000000eb700000)
 ParOldGen       total 217600K, used 196377K [0x00000000c0000000, 0x00000000cd480000, 0x00000000eab00000)
  object space 217600K, 90% used [0x00000000c0000000,0x00000000cbfc6660,0x00000000cd480000)
 Metaspace       used 93081K, committed 94208K, reserved 1138688K
  class space    used 9779K, committed 10304K, reserved 1048576K
}
Event: 935.664 GC heap before
{Heap before GC invocations=1190 (full 37):
 PSYoungGen      total 11264K, used 11251K [0x00000000eab00000, 0x00000000eb980000, 0x0000000100000000)
  eden space 9728K, 100% used [0x00000000eab00000,0x00000000eb480000,0x00000000eb480000)
  from space 1536K, 99% used [0x00000000eb780000,0x00000000eb8fcd10,0x00000000eb900000)
  to   space 2560K, 0% used [0x00000000eb480000,0x00000000eb480000,0x00000000eb700000)
 ParOldGen       total 217600K, used 196377K [0x00000000c0000000, 0x00000000cd480000, 0x00000000eab00000)
  object space 217600K, 90% used [0x00000000c0000000,0x00000000cbfc6660,0x00000000cd480000)
 Metaspace       used 93084K, committed 94208K, reserved 1138688K
  class space    used 9779K, committed 10304K, reserved 1048576K
}
Event: 935.666 GC heap after
{Heap after GC invocations=1190 (full 37):
 PSYoungGen      total 12288K, used 2025K [0x00000000eab00000, 0x00000000eb980000, 0x0000000100000000)
  eden space 9728K, 0% used [0x00000000eab00000,0x00000000eab00000,0x00000000eb480000)
  from space 2560K, 79% used [0x00000000eb480000,0x00000000eb67a400,0x00000000eb700000)
  to   space 2560K, 0% used [0x00000000eb700000,0x00000000eb700000,0x00000000eb980000)
 ParOldGen       total 217600K, used 197794K [0x00000000c0000000, 0x00000000cd480000, 0x00000000eab00000)
  object space 217600K, 90% used [0x00000000c0000000,0x00000000cc128aa0,0x00000000cd480000)
 Metaspace       used 93084K, committed 94208K, reserved 1138688K
  class space    used 9779K, committed 10304K, reserved 1048576K
}
Event: 935.678 GC heap before
{Heap before GC invocations=1191 (full 37):
 PSYoungGen      total 12288K, used 11753K [0x00000000eab00000, 0x00000000eb980000, 0x0000000100000000)
  eden space 9728K, 100% used [0x00000000eab00000,0x00000000eb480000,0x00000000eb480000)
  from space 2560K, 79% used [0x00000000eb480000,0x00000000eb67a400,0x00000000eb700000)
  to   space 2560K, 0% used [0x00000000eb700000,0x00000000eb700000,0x00000000eb980000)
 ParOldGen       total 217600K, used 197794K [0x00000000c0000000, 0x00000000cd480000, 0x00000000eab00000)
  object space 217600K, 90% used [0x00000000c0000000,0x00000000cc128aa0,0x00000000cd480000)
 Metaspace       used 93084K, committed 94208K, reserved 1138688K
  class space    used 9779K, committed 10304K, reserved 1048576K
}
Event: 935.681 GC heap after
{Heap after GC invocations=1191 (full 37):
 PSYoungGen      total 6656K, used 2551K [0x00000000eab00000, 0x00000000ec480000, 0x0000000100000000)
  eden space 4096K, 0% used [0x00000000eab00000,0x00000000eab00000,0x00000000eaf00000)
  from space 2560K, 99% used [0x00000000eb700000,0x00000000eb97df30,0x00000000eb980000)
  to   space 8192K, 0% used [0x00000000eaf00000,0x00000000eaf00000,0x00000000eb700000)
 ParOldGen       total 217600K, used 202411K [0x00000000c0000000, 0x00000000cd480000, 0x00000000eab00000)
  object space 217600K, 93% used [0x00000000c0000000,0x00000000cc5aaf48,0x00000000cd480000)
 Metaspace       used 93084K, committed 94208K, reserved 1138688K
  class space    used 9779K, committed 10304K, reserved 1048576K
}
Event: 935.694 GC heap before
{Heap before GC invocations=1192 (full 37):
 PSYoungGen      total 6656K, used 6647K [0x00000000eab00000, 0x00000000ec480000, 0x0000000100000000)
  eden space 4096K, 100% used [0x00000000eab00000,0x00000000eaf00000,0x00000000eaf00000)
  from space 2560K, 99% used [0x00000000eb700000,0x00000000eb97df30,0x00000000eb980000)
  to   space 8192K, 0% used [0x00000000eaf00000,0x00000000eaf00000,0x00000000eb700000)
 ParOldGen       total 217600K, used 202411K [0x00000000c0000000, 0x00000000cd480000, 0x00000000eab00000)
  object space 217600K, 93% used [0x00000000c0000000,0x00000000cc5aaf48,0x00000000cd480000)
 Metaspace       used 93084K, committed 94208K, reserved 1138688K
  class space    used 9779K, committed 10304K, reserved 1048576K
}
Event: 935.696 GC heap after
{Heap after GC invocations=1192 (full 37):
 PSYoungGen      total 5120K, used 1013K [0x00000000eab00000, 0x00000000eb780000, 0x0000000100000000)
  eden space 4096K, 0% used [0x00000000eab00000,0x00000000eab00000,0x00000000eaf00000)
  from space 1024K, 98% used [0x00000000eaf00000,0x00000000eaffd400,0x00000000eb000000)
  to   space 3584K, 0% used [0x00000000eb400000,0x00000000eb400000,0x00000000eb780000)
 ParOldGen       total 217600K, used 203049K [0x00000000c0000000, 0x00000000cd480000, 0x00000000eab00000)
  object space 217600K, 93% used [0x00000000c0000000,0x00000000cc64a6c0,0x00000000cd480000)
 Metaspace       used 93084K, committed 94208K, reserved 1138688K
  class space    used 9779K, committed 10304K, reserved 1048576K
}
Event: 935.703 GC heap before
{Heap before GC invocations=1193 (full 37):
 PSYoungGen      total 5120K, used 5109K [0x00000000eab00000, 0x00000000eb780000, 0x0000000100000000)
  eden space 4096K, 100% used [0x00000000eab00000,0x00000000eaf00000,0x00000000eaf00000)
  from space 1024K, 98% used [0x00000000eaf00000,0x00000000eaffd400,0x00000000eb000000)
  to   space 3584K, 0% used [0x00000000eb400000,0x00000000eb400000,0x00000000eb780000)
 ParOldGen       total 217600K, used 203049K [0x00000000c0000000, 0x00000000cd480000, 0x00000000eab00000)
  object space 217600K, 93% used [0x00000000c0000000,0x00000000cc64a6c0,0x00000000cd480000)
 Metaspace       used 93084K, committed 94208K, reserved 1138688K
  class space    used 9779K, committed 10304K, reserved 1048576K
}
Event: 935.704 GC heap after
{Heap after GC invocations=1193 (full 37):
 PSYoungGen      total 5632K, used 1496K [0x00000000eab00000, 0x00000000eb580000, 0x0000000100000000)
  eden space 4096K, 0% used [0x00000000eab00000,0x00000000eab00000,0x00000000eaf00000)
  from space 1536K, 97% used [0x00000000eb400000,0x00000000eb576210,0x00000000eb580000)
  to   space 2048K, 0% used [0x00000000eb180000,0x00000000eb180000,0x00000000eb380000)
 ParOldGen       total 217600K, used 203615K [0x00000000c0000000, 0x00000000cd480000, 0x00000000eab00000)
  object space 217600K, 93% used [0x00000000c0000000,0x00000000cc6d7eb8,0x00000000cd480000)
 Metaspace       used 93084K, committed 94208K, reserved 1138688K
  class space    used 9779K, committed 10304K, reserved 1048576K
}
Event: 935.710 GC heap before
{Heap before GC invocations=1194 (full 37):
 PSYoungGen      total 5632K, used 5592K [0x00000000eab00000, 0x00000000eb580000, 0x0000000100000000)
  eden space 4096K, 100% used [0x00000000eab00000,0x00000000eaf00000,0x00000000eaf00000)
  from space 1536K, 97% used [0x00000000eb400000,0x00000000eb576210,0x00000000eb580000)
  to   space 2048K, 0% used [0x00000000eb180000,0x00000000eb180000,0x00000000eb380000)
 ParOldGen       total 217600K, used 203615K [0x00000000c0000000, 0x00000000cd480000, 0x00000000eab00000)
  object space 217600K, 93% used [0x00000000c0000000,0x00000000cc6d7eb8,0x00000000cd480000)
 Metaspace       used 93086K, committed 94208K, reserved 1138688K
  class space    used 9779K, committed 10304K, reserved 1048576K
}
Event: 935.711 GC heap after
{Heap after GC invocations=1194 (full 37):
 PSYoungGen      total 5120K, used 992K [0x00000000eab00000, 0x00000000eb480000, 0x0000000100000000)
  eden space 4096K, 0% used [0x00000000eab00000,0x00000000eab00000,0x00000000eaf00000)
  from space 1024K, 96% used [0x00000000eb180000,0x00000000eb278000,0x00000000eb280000)
  to   space 1536K, 0% used [0x00000000eb300000,0x00000000eb300000,0x00000000eb480000)
 ParOldGen       total 217600K, used 204963K [0x00000000c0000000, 0x00000000cd480000, 0x00000000eab00000)
  object space 217600K, 94% used [0x00000000c0000000,0x00000000cc828c48,0x00000000cd480000)
 Metaspace       used 93086K, committed 94208K, reserved 1138688K
  class space    used 9779K, committed 10304K, reserved 1048576K
}
Event: 935.715 GC heap before
{Heap before GC invocations=1195 (full 37):
 PSYoungGen      total 5120K, used 5088K [0x00000000eab00000, 0x00000000eb480000, 0x0000000100000000)
  eden space 4096K, 100% used [0x00000000eab00000,0x00000000eaf00000,0x00000000eaf00000)
  from space 1024K, 96% used [0x00000000eb180000,0x00000000eb278000,0x00000000eb280000)
  to   space 1536K, 0% used [0x00000000eb300000,0x00000000eb300000,0x00000000eb480000)
 ParOldGen       total 217600K, used 204963K [0x00000000c0000000, 0x00000000cd480000, 0x00000000eab00000)
  object space 217600K, 94% used [0x00000000c0000000,0x00000000cc828c48,0x00000000cd480000)
 Metaspace       used 93086K, committed 94208K, reserved 1138688K
  class space    used 9779K, committed 10304K, reserved 1048576K
}

